<?xml version="1.0" encoding="UTF-8"?>
<!-- Generated by org.testng.reporters.JUnitReportReporter -->
<testsuite skipped="0" hostname="sukumarb" name="testcase.Validation" tests="2" failures="0" timestamp="05 Nov 2018 06:33:02 GMT" time="51.061" errors="0">
  <testcase name="testCase_02" time="39.374" classname="testcase.Validation"/>
  <testcase name="testCase_01" time="11.687" classname="testcase.Validation"/>
</testsuite> <!-- testcase.Validation -->
