<?xml version="1.0" encoding="UTF-8"?>
<!-- Generated by org.testng.reporters.JUnitReportReporter -->
<testsuite name="testcase.Validation" tests="2" time="46.613" ignored="0" failures="0" timestamp="05 Nov 2018 09:03:30 GMT" skipped="0" hostname="sukumarb" errors="0">
  <testcase name="testCase_02" time="37.430" classname="testcase.Validation"/>
  <testcase name="testCase_01" time="9.183" classname="testcase.Validation"/>
</testsuite> <!-- testcase.Validation -->
